<?xml version="1.0" encoding="UTF-8"?>
<testsuite xmlns:xsi="http://www.w3.org/2001/XMLSchema-instance" xsi:noNamespaceSchemaLocation="https://maven.apache.org/surefire/maven-surefire-plugin/xsd/surefire-test-report.xsd" name="AccountTest" time="7.442" tests="16" errors="0" skipped="0" failures="0">
  <properties>
[...]
</properties>
  <testcase name="withParametersTest[Тестовые данные: входная строка Тимоти Шаламе, валидно: true]" classname="AccountTest" time="3.09"/>
  <testcase name="withParametersTest[Тестовые данные: входная строка ТИМОТИ ШАЛАМЕ, валидно: true]" classname="AccountTest" time="0.021"/>
  <testcase name="withParametersTest[Тестовые данные: входная строка  Тимоти Шаламе , валидно: true]" classname="AccountTest" time="0.045"/>
  <testcase name="withParametersTest[Тестовые данные: входная строка Тимоти    Шаламе, валидно: false]" classname="AccountTest" time="0.015"/>
  <testcase name="withParametersTest[Тестовые данные: входная строка Тимоти  Шаламе, валидно: false]" classname="AccountTest" time="0.005"/>
  <testcase name="withParametersTest[Тестовые данные: входная строка Та и, валидно: true]" classname="AccountTest" time="0.016"/>
  <testcase name="withParametersTest[Тестовые данные: входная строка Грандмастер Адмирал, валидно: true]" classname="AccountTest" time="0.02"/>
  <testcase name="withParametersTest[Тестовые данные: входная строка Гранмастер Адмирал, валидно: true]" classname="AccountTest" time="0.016"/>
  <testcase name="withParametersTest[Тестовые данные: входная строка Ти, валидно: false]" classname="AccountTest" time="0.016"/>
  <testcase name="withParametersTest[Тестовые данные: входная строка Грандмастер Адмиралъ, валидно: false]" classname="AccountTest" time="0.004"/>
  <testcase name="withParametersTest[Тестовые данные: входная строка , валидно: false]" classname="AccountTest" time="0.038"/>
  <testcase name="withParametersTest[Тестовые данные: входная строка Тимотейка Шаламойшниковайте, валидно: false]" classname="AccountTest" time="0.006"/>
  <testcase name="withParametersTest[Тестовые данные: входная строка Тимоти-Шаламе, валидно: false]" classname="AccountTest" time="0.016"/>
  <testcase name="withParametersTest[Тестовые данные: входная строка 1234567891123456789, валидно: false]" classname="AccountTest" time="0.004"/>
  <testcase name="withParametersTest[Тестовые данные: входная строка            , валидно: false]" classname="AccountTest" time="0.016"/>
  <testcase name="withParametersTest[Тестовые данные: входная строка null, валидно: false]" classname="AccountTest" time="0.097"/>
</testsuite>